<?xml version="1.0" encoding="UTF-8"?>
<testng-results ignored="0" total="1" passed="1" failed="0" skipped="0">
  <reporter-output>
  </reporter-output>
  <suite started-at="2025-04-02T02:07:20 PDT" name="Default suite" finished-at="2025-04-02T02:07:56 PDT" duration-ms="35512">
    <groups>
    </groups>
    <test started-at="2025-04-02T02:07:20 PDT" name="Default test" finished-at="2025-04-02T02:07:56 PDT" duration-ms="35512">
      <class name="TestCases.TestCase1">
        <test-method signature="login1()[pri:0, instance:TestCases.TestCase1@3daa422a]" started-at="2025-04-02T02:07:20 PDT" name="login1" finished-at="2025-04-02T02:07:56 PDT" duration-ms="35489" status="PASS">
          <reporter-output>
          </reporter-output>
        </test-method> <!-- login1 -->
      </class> <!-- TestCases.TestCase1 -->
    </test> <!-- Default test -->
  </suite> <!-- Default suite -->
</testng-results>
